2026-02-26 20:54:09,381 - INFO - Iniciando aplicação YOLO...
2026-02-26 20:54:09,381 - ERROR - Imagem não encontrada: /home/estudante1/Documentos/teste/app/dataset/images/train/vini.png
2026-02-26 20:54:09,381 - ERROR - Ocorreu um erro: Arquivo /home/estudante1/Documentos/teste/app/dataset/images/train/vini.png não existe.
Traceback (most recent call last):
  File "/home/estudante1/Documentos/GitHub/DeMoviefy/teste/app/run.py", line 28, in <module>
    raise FileNotFoundError(f"Arquivo {image_path} não existe.")
FileNotFoundError: Arquivo /home/estudante1/Documentos/teste/app/dataset/images/train/vini.png não existe.
2026-02-26 20:54:09,381 - INFO - Finalizando aplicação.
2026-02-26 20:54:51,437 - INFO - Iniciando aplicação YOLO...
2026-02-26 20:54:51,437 - INFO - Carregando modelo YOLO26 nano...
2026-02-26 20:54:51,549 - INFO - Modelo carregado com sucesso!
2026-02-26 20:54:51,549 - INFO - Iniciando detecção na imagem: /home/estudante1/Documentos/GitHub/DeMoviefy/teste/app/dataset/images/train/vini.png
2026-02-26 20:54:52,288 - INFO - Tempo de processamento: 0.74 segundos
2026-02-26 20:54:52,288 - INFO - Total de objetos detectados: 1
2026-02-26 20:54:52,288 - INFO - Classes detectadas: ['person']
2026-02-26 20:54:52,288 - INFO - Confiança média: 0.98
2026-02-26 20:54:52,288 - INFO - Resultados salvos em runs/detect/predict/
2026-02-26 20:54:52,288 - INFO - Detecção concluída com sucesso!
2026-02-26 20:54:52,288 - INFO - Finalizando aplicação.
2026-02-28 16:08:05,015 - INFO - Starting unified video detection workflow (teste -> backend service).
2026-02-28 16:08:05,024 - ERROR - Detection workflow failed: No uploaded videos found in uploads/. Upload a video first or set TEST_VIDEO_PATH.
Traceback (most recent call last):
  File "D:\IFSP\DeMoviefy\teste\app\controllers\detection_controller.py", line 20, in run
    video_path = self._resolve_video_path()
  File "D:\IFSP\DeMoviefy\teste\app\controllers\detection_controller.py", line 46, in _resolve_video_path
    raise FileNotFoundError(
        "No uploaded videos found in uploads/. Upload a video first or set TEST_VIDEO_PATH."
    )
FileNotFoundError: No uploaded videos found in uploads/. Upload a video first or set TEST_VIDEO_PATH.
2026-02-28 16:14:56,015 - INFO - Starting unified video detection workflow (teste -> backend service).
2026-02-28 16:14:56,015 - ERROR - Detection workflow failed: No uploaded videos found in uploads/. Upload a video first or set TEST_VIDEO_PATH.
Traceback (most recent call last):
  File "D:\IFSP\DeMoviefy\teste\app\controllers\detection_controller.py", line 20, in run
    video_path = self._resolve_video_path()
  File "D:\IFSP\DeMoviefy\teste\app\controllers\detection_controller.py", line 46, in _resolve_video_path
    raise FileNotFoundError(
        "No uploaded videos found in uploads/. Upload a video first or set TEST_VIDEO_PATH."
    )
FileNotFoundError: No uploaded videos found in uploads/. Upload a video first or set TEST_VIDEO_PATH.
